0 verbose cli [
0 verbose cli   '/home/precious/.nvm/versions/node/v15.0.0/bin/node',
0 verbose cli   '/home/precious/.nvm/versions/node/v15.0.0/bin/npm',
0 verbose cli   'install',
0 verbose cli   'react-burger-menu@2.7.1'
0 verbose cli ]
1 info using npm@7.5.6
2 info using node@v15.0.0
3 timing config:load:defaults Completed in 5ms
4 timing config:load:file:/home/precious/.nvm/versions/node/v15.0.0/lib/node_modules/npm/npmrc Completed in 2ms
5 timing config:load:builtin Completed in 2ms
6 timing config:load:cli Completed in 5ms
7 timing config:load:env Completed in 2ms
8 timing config:load:file:/home/precious/Desktop/forms/.npmrc Completed in 1ms
9 timing config:load:project Completed in 2ms
10 timing config:load:file:/home/precious/.npmrc Completed in 3ms
11 timing config:load:user Completed in 4ms
12 timing config:load:file:/home/precious/.nvm/versions/node/v15.0.0/etc/npmrc Completed in 0ms
13 timing config:load:global Completed in 0ms
14 timing config:load:cafile Completed in 1ms
15 timing config:load:validate Completed in 2ms
16 timing config:load:setUserAgent Completed in 1ms
17 timing config:load:setEnvs Completed in 3ms
18 timing config:load Completed in 28ms
19 verbose npm-session dee57a8f2741e56c
20 timing npm:load Completed in 59ms
21 timing arborist:ctor Completed in 5ms
22 timing idealTree:init Completed in 4591ms
23 timing idealTree:userRequests Completed in 8ms
24 silly idealTree buildDeps
25 silly fetch manifest react-burger-menu@2.7.1
26 timing arborist:ctor Completed in 0ms
27 http fetch GET 200 https://registry.npmjs.org/react-burger-menu 4850ms
28 silly fetch manifest react@^17.0.1
29 http fetch GET 200 https://registry.npmjs.org/react 679ms
30 silly fetch manifest react@>=0.14.0 <17.0.0
31 timing idealTree Completed in 10249ms
32 timing command:install Completed in 10321ms
33 verbose stack Error: unable to resolve dependency tree
33 verbose stack     at Arborist.[failPeerConflict] (/home/precious/.nvm/versions/node/v15.0.0/lib/node_modules/npm/node_modules/@npmcli/arborist/lib/arborist/build-ideal-tree.js:1141:25)
33 verbose stack     at Arborist.[loadPeerSet] (/home/precious/.nvm/versions/node/v15.0.0/lib/node_modules/npm/node_modules/@npmcli/arborist/lib/arborist/build-ideal-tree.js:1118:34)
33 verbose stack     at async Arborist.[buildDepStep] (/home/precious/.nvm/versions/node/v15.0.0/lib/node_modules/npm/node_modules/@npmcli/arborist/lib/arborist/build-ideal-tree.js:836:11)
33 verbose stack     at async Arborist.buildIdealTree (/home/precious/.nvm/versions/node/v15.0.0/lib/node_modules/npm/node_modules/@npmcli/arborist/lib/arborist/build-ideal-tree.js:209:7)
33 verbose stack     at async Promise.all (index 1)
33 verbose stack     at async Arborist.reify (/home/precious/.nvm/versions/node/v15.0.0/lib/node_modules/npm/node_modules/@npmcli/arborist/lib/arborist/reify.js:130:5)
33 verbose stack     at async install (/home/precious/.nvm/versions/node/v15.0.0/lib/node_modules/npm/lib/install.js:38:3)
34 verbose cwd /home/precious/Desktop/forms
35 verbose Linux 5.3.0-62-generic
36 verbose argv "/home/precious/.nvm/versions/node/v15.0.0/bin/node" "/home/precious/.nvm/versions/node/v15.0.0/bin/npm" "install" "react-burger-menu@2.7.1"
37 verbose node v15.0.0
38 verbose npm  v7.5.6
39 error code ERESOLVE
40 error ERESOLVE unable to resolve dependency tree
41 error
42 error While resolving: [1mforms[22m@[1m0.1.0[22m
42 error Found: [1mreact[22m@[1m17.0.1[22m[2m[22m
42 error [2mnode_modules/react[22m
42 error   [1mreact[22m@"[1m^17.0.1[22m" from the root project
42 error
42 error Could not resolve dependency:
42 error [35mpeer[39m [1mreact[22m@"[1m>=0.14.0 <17.0.0[22m" from [1mreact-burger-menu[22m@[1m2.7.1[22m[2m[22m
42 error [2mnode_modules/react-burger-menu[22m
42 error   [1mreact-burger-menu[22m@"[1m2.7.1[22m" from the root project
42 error
42 error Fix the upstream dependency conflict, or retry
42 error this command with --force, or --legacy-peer-deps
42 error to accept an incorrect (and potentially broken) dependency resolution.
42 error
42 error See /home/precious/Desktop/forms/C:NODEJSnpm-cache/eresolve-report.txt for a full report.
43 verbose exit 1
