0 verbose cli [
0 verbose cli   '/home/precious/.nvm/versions/node/v15.0.0/bin/node',
0 verbose cli   '/home/precious/.nvm/versions/node/v15.0.0/bin/npm',
0 verbose cli   'install',
0 verbose cli   '--save',
0 verbose cli   'react-modal'
0 verbose cli ]
1 info using npm@7.5.6
2 info using node@v15.0.0
3 timing config:load:defaults Completed in 6ms
4 timing config:load:file:/home/precious/.nvm/versions/node/v15.0.0/lib/node_modules/npm/npmrc Completed in 2ms
5 timing config:load:builtin Completed in 2ms
6 timing config:load:cli Completed in 7ms
7 timing config:load:env Completed in 1ms
8 timing config:load:file:/home/precious/Desktop/forms/.npmrc Completed in 1ms
9 timing config:load:project Completed in 3ms
10 timing config:load:file:/home/precious/.npmrc Completed in 10ms
11 timing config:load:user Completed in 10ms
12 timing config:load:file:/home/precious/.nvm/versions/node/v15.0.0/etc/npmrc Completed in 1ms
13 timing config:load:global Completed in 1ms
14 timing config:load:cafile Completed in 1ms
15 timing config:load:validate Completed in 1ms
16 timing config:load:setUserAgent Completed in 2ms
17 timing config:load:setEnvs Completed in 3ms
18 timing config:load Completed in 38ms
19 verbose npm-session 3061813c7492b257
20 timing npm:load Completed in 94ms
21 timing arborist:ctor Completed in 2ms
22 timing idealTree:init Completed in 6879ms
23 timing idealTree:userRequests Completed in 6ms
24 silly idealTree buildDeps
25 silly fetch manifest react-modal@*
26 http fetch GET 200 https://registry.npmjs.org/react-modal 14801ms
27 silly fetch manifest react@^17.0.1
28 http fetch GET 200 https://registry.npmjs.org/react 530ms
29 silly fetch manifest react-dom@^17.0.1
30 http fetch GET 200 https://registry.npmjs.org/react-dom 626ms
31 silly placeDep ROOT react-modal@3.12.1 OK for: forms@0.1.0 want: *
32 silly fetch manifest exenv@^1.2.0
33 silly fetch manifest react-lifecycles-compat@^3.0.0
34 silly fetch manifest warning@^4.0.3
35 http fetch GET 200 https://registry.npmjs.org/exenv 127ms
36 http fetch GET 200 https://registry.npmjs.org/react-lifecycles-compat 232ms
37 timing idealTree:#root Completed in 326634ms
38 silly placeDep ROOT exenv@1.2.2 OK for: react-modal@3.12.1 want: ^1.2.0
39 silly placeDep ROOT react-lifecycles-compat@3.0.4 OK for: react-modal@3.12.1 want: ^3.0.0
40 silly placeDep ROOT warning@ OK for: react-modal@3.12.1 want: ^4.0.3
41 timing idealTree:node_modules/react-modal Completed in 27ms
42 timing idealTree:node_modules/exenv Completed in 0ms
43 timing idealTree:node_modules/react-lifecycles-compat Completed in 0ms
44 timing idealTree:node_modules/warning Completed in 0ms
45 timing idealTree:buildDeps Completed in 326669ms
46 timing idealTree:fixDepFlags Completed in 97ms
47 timing idealTree Completed in 333656ms
48 timing command:install Completed in 333801ms
49 verbose type body-timeout
50 verbose stack FetchError: Response timeout while trying to fetch https://registry.npmjs.org/warning (over 300000ms)
50 verbose stack     at Timeout._onTimeout (/home/precious/.nvm/versions/node/v15.0.0/lib/node_modules/npm/node_modules/minipass-fetch/lib/body.js:128:28)
50 verbose stack     at listOnTimeout (node:internal/timers:555:17)
50 verbose stack     at processTimers (node:internal/timers:498:7)
51 verbose cwd /home/precious/Desktop/forms
52 verbose Linux 5.3.0-62-generic
53 verbose argv "/home/precious/.nvm/versions/node/v15.0.0/bin/node" "/home/precious/.nvm/versions/node/v15.0.0/bin/npm" "install" "--save" "react-modal"
54 verbose node v15.0.0
55 verbose npm  v7.5.6
56 error code FETCH_ERROR
57 error errno FETCH_ERROR
58 error Response timeout while trying to fetch https://registry.npmjs.org/warning (over 300000ms)
59 verbose exit 1
